<?xml version="1.0" encoding="UTF-8"?>
<testng-results ignored="0" total="1" passed="1" failed="0" skipped="0">
  <reporter-output>
  </reporter-output>
  <suite started-at="2024-02-23T19:57:24 IST" name="Default suite" finished-at="2024-02-23T19:58:22 IST" duration-ms="57980">
    <groups>
    </groups>
    <test started-at="2024-02-23T19:57:24 IST" name="Default test" finished-at="2024-02-23T19:58:22 IST" duration-ms="57980">
      <class name="Patrol.Test.AddCases_Tribunal_ByCaseTest">
        <test-method is-config="true" signature="launchBrowser()[pri:0, instance:Patrol.Test.AddCases_Tribunal_ByCaseTest@48bb62]" started-at="2024-02-23T19:57:24 IST" name="launchBrowser" finished-at="2024-02-23T19:57:27 IST" duration-ms="3122" status="PASS">
          <reporter-output>
          </reporter-output>
        </test-method> <!-- launchBrowser -->
        <test-method signature="verifyTribunals()[pri:0, instance:Patrol.Test.AddCases_Tribunal_ByCaseTest@48bb62]" started-at="2024-02-23T19:57:27 IST" name="verifyTribunals" finished-at="2024-02-23T19:58:22 IST" duration-ms="54652" status="PASS">
          <reporter-output>
          </reporter-output>
        </test-method> <!-- verifyTribunals -->
        <test-method is-config="true" signature="closeBrowser()[pri:0, instance:Patrol.Test.AddCases_Tribunal_ByCaseTest@48bb62]" started-at="2024-02-23T19:58:22 IST" name="closeBrowser" finished-at="2024-02-23T19:58:22 IST" duration-ms="183" status="PASS">
          <reporter-output>
          </reporter-output>
        </test-method> <!-- closeBrowser -->
      </class> <!-- Patrol.Test.AddCases_Tribunal_ByCaseTest -->
    </test> <!-- Default test -->
  </suite> <!-- Default suite -->
</testng-results>
