<?xml version="1.0" encoding="UTF-8"?>
<testng-results ignored="0" total="1" passed="1" failed="0" skipped="0">
  <reporter-output>
  </reporter-output>
  <suite started-at="2025-01-31T13:40:46 IST" name="Default suite" finished-at="2025-01-31T13:44:44 IST" duration-ms="237605">
    <groups>
    </groups>
    <test started-at="2025-01-31T13:40:46 IST" name="Default test" finished-at="2025-01-31T13:44:44 IST" duration-ms="237605">
      <class name="Patrol.Test.DocumentsAllMatters">
        <test-method is-config="true" signature="launchBrowser()[pri:0, instance:Patrol.Test.DocumentsAllMatters@6a6cb05c]" started-at="2025-01-31T13:40:46 IST" name="launchBrowser" finished-at="2025-01-31T13:40:50 IST" duration-ms="4013" status="PASS">
          <reporter-output>
          </reporter-output>
        </test-method> <!-- launchBrowser -->
        <test-method signature="makeNewMatter()[pri:0, instance:Patrol.Test.DocumentsAllMatters@6a6cb05c]" started-at="2025-01-31T13:40:50 IST" name="makeNewMatter" finished-at="2025-01-31T13:44:44 IST" duration-ms="233259" status="PASS">
          <reporter-output>
          </reporter-output>
        </test-method> <!-- makeNewMatter -->
        <test-method is-config="true" signature="closeBrowser()[pri:0, instance:Patrol.Test.DocumentsAllMatters@6a6cb05c]" started-at="2025-01-31T13:44:44 IST" name="closeBrowser" finished-at="2025-01-31T13:44:44 IST" duration-ms="262" status="PASS">
          <reporter-output>
          </reporter-output>
        </test-method> <!-- closeBrowser -->
      </class> <!-- Patrol.Test.DocumentsAllMatters -->
    </test> <!-- Default test -->
  </suite> <!-- Default suite -->
</testng-results>
